[ 2016-05-22T20:53:20+08:00 ] ::1 /TWBB/
INFO: [ app_init ] --START--
INFO: Run Behavior\BuildLiteBehavior [ RunTime:0.000228s ]
INFO: [ app_init ] --END-- [ RunTime:2.554000s ]

[ 2016-05-22T20:53:42+08:00 ] ::1 /TWBB/sign/in
INFO: [ app_init ] --START--
INFO: Run Behavior\BuildLiteBehavior [ RunTime:0.000036s ]
INFO: [ app_init ] --END-- [ RunTime:0.000617s ]

[ 2016-05-22T20:53:47+08:00 ] ::1 /TWBB/signin
INFO: [ app_init ] --START--
INFO: Run Behavior\BuildLiteBehavior [ RunTime:0.000048s ]
INFO: [ app_init ] --END-- [ RunTime:0.000717s ]

[ 2016-05-22T20:53:56+08:00 ] ::1 /TWBB/sign/in
INFO: [ app_init ] --START--
INFO: Run Behavior\BuildLiteBehavior [ RunTime:0.000091s ]
INFO: [ app_init ] --END-- [ RunTime:0.000866s ]

[ 2016-05-22T20:53:57+08:00 ] ::1 /TWBB/signin
INFO: [ app_init ] --START--
INFO: Run Behavior\BuildLiteBehavior [ RunTime:0.000047s ]
INFO: [ app_init ] --END-- [ RunTime:0.000625s ]

[ 2016-05-22T20:54:02+08:00 ] ::1 /TWBB/sign/in
INFO: [ app_init ] --START--
INFO: Run Behavior\BuildLiteBehavior [ RunTime:0.000046s ]
INFO: [ app_init ] --END-- [ RunTime:0.000622s ]

[ 2016-05-22T20:54:09+08:00 ] ::1 /TWBB/wool/index
INFO: [ app_init ] --START--
INFO: Run Behavior\BuildLiteBehavior [ RunTime:0.000069s ]
INFO: [ app_init ] --END-- [ RunTime:0.000657s ]

[ 2016-05-22T20:54:09+08:00 ] ::1 /TWBB/wool/index
INFO: [ app_init ] --START--
INFO: Run Behavior\BuildLiteBehavior [ RunTime:0.000037s ]
INFO: [ app_init ] --END-- [ RunTime:0.000684s ]

[ 2016-05-22T20:54:16+08:00 ] ::1 /TWBB/ajax/due_time
INFO: [ app_init ] --START--
INFO: Run Behavior\BuildLiteBehavior [ RunTime:0.000061s ]
INFO: [ app_init ] --END-- [ RunTime:0.000747s ]
INFO: [ app_begin ] --START--
INFO: Run Behavior\ReadHtmlCacheBehavior [ RunTime:0.000988s ]
INFO: [ app_begin ] --END-- [ RunTime:0.001289s ]
SQL: SHOW COLUMNS FROM `twbb_wool_record` [ RunTime:0.0556s ]
SQL: SELECT `rid`,`due_time` FROM `twbb_wool_record` WHERE (  due_time >= 1462032000 and due_time <1464710400 and record_delete = 0 and uid = 1 ) ORDER BY due_time asc  [ RunTime:0.0004s ]

[ 2016-05-22T20:55:07+08:00 ] ::1 /TWBB/wool/index
INFO: [ app_init ] --START--
INFO: Run Behavior\BuildLiteBehavior [ RunTime:0.000040s ]
INFO: [ app_init ] --END-- [ RunTime:0.000588s ]

[ 2016-05-22T20:55:07+08:00 ] ::1 /TWBB/ajax/due_time
INFO: [ app_init ] --START--
INFO: Run Behavior\BuildLiteBehavior [ RunTime:0.000105s ]
INFO: [ app_init ] --END-- [ RunTime:0.001526s ]
INFO: [ app_begin ] --START--
INFO: Run Behavior\ReadHtmlCacheBehavior [ RunTime:0.000607s ]
INFO: [ app_begin ] --END-- [ RunTime:0.000760s ]
SQL: SHOW COLUMNS FROM `twbb_wool_record` [ RunTime:0.0063s ]
SQL: SELECT `rid`,`due_time` FROM `twbb_wool_record` WHERE (  due_time >= 1462032000 and due_time <1464710400 and record_delete = 0 and uid = 1 ) ORDER BY due_time asc  [ RunTime:0.0003s ]

[ 2016-05-22T20:55:08+08:00 ] ::1 /TWBB/wool/index
INFO: [ app_init ] --START--
INFO: Run Behavior\BuildLiteBehavior [ RunTime:0.000037s ]
INFO: [ app_init ] --END-- [ RunTime:0.000552s ]

[ 2016-05-22T20:55:08+08:00 ] ::1 /TWBB/ajax/due_time
INFO: [ app_init ] --START--
INFO: Run Behavior\BuildLiteBehavior [ RunTime:0.000067s ]
INFO: [ app_init ] --END-- [ RunTime:0.001343s ]
INFO: [ app_begin ] --START--
INFO: Run Behavior\ReadHtmlCacheBehavior [ RunTime:0.000584s ]
INFO: [ app_begin ] --END-- [ RunTime:0.000749s ]
SQL: SHOW COLUMNS FROM `twbb_wool_record` [ RunTime:0.0060s ]
SQL: SELECT `rid`,`due_time` FROM `twbb_wool_record` WHERE (  due_time >= 1462032000 and due_time <1464710400 and record_delete = 0 and uid = 1 ) ORDER BY due_time asc  [ RunTime:0.0003s ]

[ 2016-05-22T20:55:12+08:00 ] ::1 /TWBB/wool/index
INFO: [ app_init ] --START--
INFO: Run Behavior\BuildLiteBehavior [ RunTime:0.000037s ]
INFO: [ app_init ] --END-- [ RunTime:0.000562s ]

[ 2016-05-22T20:55:12+08:00 ] ::1 /TWBB/ajax/due_time
INFO: [ app_init ] --START--
INFO: Run Behavior\BuildLiteBehavior [ RunTime:0.000037s ]
INFO: [ app_init ] --END-- [ RunTime:0.000647s ]
INFO: [ app_begin ] --START--
INFO: Run Behavior\ReadHtmlCacheBehavior [ RunTime:0.000781s ]
INFO: [ app_begin ] --END-- [ RunTime:0.000945s ]
SQL: SHOW COLUMNS FROM `twbb_wool_record` [ RunTime:0.0050s ]
SQL: SELECT `rid`,`due_time` FROM `twbb_wool_record` WHERE (  due_time >= 1462032000 and due_time <1464710400 and record_delete = 0 and uid = 1 ) ORDER BY due_time asc  [ RunTime:0.0006s ]

[ 2016-05-22T20:55:15+08:00 ] ::1 /TWBB/wool/index
INFO: [ app_init ] --START--
INFO: Run Behavior\BuildLiteBehavior [ RunTime:0.000036s ]
INFO: [ app_init ] --END-- [ RunTime:0.000602s ]

[ 2016-05-22T20:55:15+08:00 ] ::1 /TWBB/ajax/due_time
INFO: [ app_init ] --START--
INFO: Run Behavior\BuildLiteBehavior [ RunTime:0.000066s ]
INFO: [ app_init ] --END-- [ RunTime:0.001100s ]
INFO: [ app_begin ] --START--
INFO: Run Behavior\ReadHtmlCacheBehavior [ RunTime:0.000996s ]
INFO: [ app_begin ] --END-- [ RunTime:0.001272s ]
SQL: SHOW COLUMNS FROM `twbb_wool_record` [ RunTime:0.0030s ]
SQL: SELECT `rid`,`due_time` FROM `twbb_wool_record` WHERE (  due_time >= 1462032000 and due_time <1464710400 and record_delete = 0 and uid = 1 ) ORDER BY due_time asc  [ RunTime:0.0008s ]

[ 2016-05-22T20:55:26+08:00 ] ::1 /TWBB/user/index
INFO: [ app_init ] --START--
INFO: Run Behavior\BuildLiteBehavior [ RunTime:0.000131s ]
INFO: [ app_init ] --END-- [ RunTime:0.001669s ]

[ 2016-05-22T20:57:09+08:00 ] ::1 /TWBB/user/index
INFO: [ app_init ] --START--
INFO: Run Behavior\BuildLiteBehavior [ RunTime:0.000064s ]
INFO: [ app_init ] --END-- [ RunTime:0.001021s ]

[ 2016-05-22T21:00:03+08:00 ] ::1 /TWBB/user/index
INFO: [ app_init ] --START--
INFO: Run Behavior\BuildLiteBehavior [ RunTime:0.000039s ]
INFO: [ app_init ] --END-- [ RunTime:0.000911s ]

[ 2016-05-22T21:00:06+08:00 ] ::1 /TWBB/user/__root__/user/index
INFO: [ app_init ] --START--
INFO: Run Behavior\BuildLiteBehavior [ RunTime:0.000036s ]
INFO: [ app_init ] --END-- [ RunTime:0.000685s ]
ERR: 非法操作:__root__

[ 2016-05-22T21:00:18+08:00 ] ::1 /TWBB/user/index
INFO: [ app_init ] --START--
INFO: Run Behavior\BuildLiteBehavior [ RunTime:0.000037s ]
INFO: [ app_init ] --END-- [ RunTime:0.000570s ]

