[ 2016-04-06T22:21:05+08:00 ] ::1 /TWBB/
INFO: [ app_init ] --START--
INFO: Run Behavior\BuildLiteBehavior [ RunTime:0.000051s ]
INFO: [ app_init ] --END-- [ RunTime:0.001077s ]

[ 2016-04-06T22:21:13+08:00 ] ::1 /TWBB/sign/in
INFO: [ app_init ] --START--
INFO: Run Behavior\BuildLiteBehavior [ RunTime:0.000051s ]
INFO: [ app_init ] --END-- [ RunTime:0.000960s ]

[ 2016-04-06T22:21:16+08:00 ] ::1 /TWBB/wool/index
INFO: [ app_init ] --START--
INFO: Run Behavior\BuildLiteBehavior [ RunTime:0.000049s ]
INFO: [ app_init ] --END-- [ RunTime:0.000782s ]

[ 2016-04-06T22:21:16+08:00 ] ::1 /TWBB/wool/index
INFO: [ app_init ] --START--
INFO: Run Behavior\BuildLiteBehavior [ RunTime:0.000065s ]
INFO: [ app_init ] --END-- [ RunTime:0.001052s ]

[ 2016-04-06T22:21:16+08:00 ] ::1 /TWBB/ajax/due_time
INFO: [ app_init ] --START--
INFO: Run Behavior\BuildLiteBehavior [ RunTime:0.000100s ]
INFO: [ app_init ] --END-- [ RunTime:0.001887s ]
INFO: [ app_begin ] --START--
INFO: Run Behavior\ReadHtmlCacheBehavior [ RunTime:0.002537s ]
INFO: [ app_begin ] --END-- [ RunTime:0.002964s ]
SQL: SHOW COLUMNS FROM `twbb_wool_record` [ RunTime:0.0057s ]
SQL: SELECT `rid`,`due_time` FROM `twbb_wool_record` WHERE (  due_time >= 1459440000 and due_time <1462032000 and record_delete = 0 and uid = 1 ) ORDER BY due_time asc  [ RunTime:0.0007s ]

[ 2016-04-06T22:21:41+08:00 ] ::1 /TWBB/savemoney/index
INFO: [ app_init ] --START--
INFO: Run Behavior\BuildLiteBehavior [ RunTime:0.000050s ]
INFO: [ app_init ] --END-- [ RunTime:0.000929s ]
ERR: 模板不存在:./reception/Home/View/Savemoney_index.html

[ 2016-04-06T22:24:10+08:00 ] ::1 /TWBB/savemoney/index
INFO: [ app_init ] --START--
INFO: Run Behavior\BuildLiteBehavior [ RunTime:0.000053s ]
INFO: [ app_init ] --END-- [ RunTime:0.000975s ]

[ 2016-04-06T22:24:12+08:00 ] ::1 /TWBB/ajax/due_time
INFO: [ app_init ] --START--
INFO: Run Behavior\BuildLiteBehavior [ RunTime:0.000092s ]
INFO: [ app_init ] --END-- [ RunTime:0.001689s ]
INFO: [ app_begin ] --START--
INFO: Run Behavior\ReadHtmlCacheBehavior [ RunTime:0.001454s ]
INFO: [ app_begin ] --END-- [ RunTime:0.001905s ]
SQL: SHOW COLUMNS FROM `twbb_wool_record` [ RunTime:0.0066s ]
SQL: SELECT `rid`,`due_time` FROM `twbb_wool_record` WHERE (  due_time >= 1459440000 and due_time <1462032000 and record_delete = 0 and uid = 1 ) ORDER BY due_time asc  [ RunTime:0.0006s ]

[ 2016-04-06T22:24:13+08:00 ] ::1 /TWBB/ajax/due_time
INFO: [ app_init ] --START--
INFO: Run Behavior\BuildLiteBehavior [ RunTime:0.000103s ]
INFO: [ app_init ] --END-- [ RunTime:0.001800s ]
INFO: [ app_begin ] --START--
INFO: Run Behavior\ReadHtmlCacheBehavior [ RunTime:0.001531s ]
INFO: [ app_begin ] --END-- [ RunTime:0.002500s ]
SQL: SHOW COLUMNS FROM `twbb_wool_record` [ RunTime:0.0047s ]
SQL: SELECT `rid`,`due_time` FROM `twbb_wool_record` WHERE (  due_time >= 1459440000 and due_time <1462032000 and record_delete = 0 and uid = 1 ) ORDER BY due_time asc  [ RunTime:0.0005s ]

