[ 2016-04-04T00:04:22+08:00 ] ::1 /TWBB/wool/index
INFO: [ app_init ] --START--
INFO: Run Behavior\BuildLiteBehavior [ RunTime:0.000054s ]
INFO: [ app_init ] --END-- [ RunTime:0.001049s ]

[ 2016-04-04T00:04:22+08:00 ] ::1 /TWBB/ajax/due_time
INFO: [ app_init ] --START--
INFO: Run Behavior\BuildLiteBehavior [ RunTime:0.000109s ]
INFO: [ app_init ] --END-- [ RunTime:0.001860s ]
INFO: [ app_begin ] --START--
INFO: Run Behavior\ReadHtmlCacheBehavior [ RunTime:0.005304s ]
INFO: [ app_begin ] --END-- [ RunTime:0.005814s ]
SQL: SHOW COLUMNS FROM `twbb_wool_record` [ RunTime:0.0145s ]
SQL: SELECT `rid`,`due_time` FROM `twbb_wool_record` WHERE (  due_time >= 1459440000 and due_time <1462032000 and record_delete = 0 and uid = 1 ) ORDER BY due_time asc  [ RunTime:0.0009s ]

[ 2016-04-04T00:04:24+08:00 ] ::1 /TWBB/sign/out
INFO: [ app_init ] --START--
INFO: Run Behavior\BuildLiteBehavior [ RunTime:0.000054s ]
INFO: [ app_init ] --END-- [ RunTime:0.000973s ]

[ 2016-04-04T00:04:26+08:00 ] ::1 /TWBB/sign/in
INFO: [ app_init ] --START--
INFO: Run Behavior\BuildLiteBehavior [ RunTime:0.000054s ]
INFO: [ app_init ] --END-- [ RunTime:0.000952s ]

[ 2016-04-04T09:46:23+08:00 ] ::1 /TWBB/
INFO: [ app_init ] --START--
INFO: Run Behavior\BuildLiteBehavior [ RunTime:0.000059s ]
INFO: [ app_init ] --END-- [ RunTime:0.050052s ]

[ 2016-04-04T09:46:38+08:00 ] ::1 /TWBB/sign/in
INFO: [ app_init ] --START--
INFO: Run Behavior\BuildLiteBehavior [ RunTime:0.000099s ]
INFO: [ app_init ] --END-- [ RunTime:0.001237s ]

[ 2016-04-04T09:46:42+08:00 ] ::1 /TWBB/wool/index
INFO: [ app_init ] --START--
INFO: Run Behavior\BuildLiteBehavior [ RunTime:0.000102s ]
INFO: [ app_init ] --END-- [ RunTime:0.001470s ]

[ 2016-04-04T09:46:44+08:00 ] ::1 /TWBB/ajax/due_time
INFO: [ app_init ] --START--
INFO: Run Behavior\BuildLiteBehavior [ RunTime:0.000147s ]
INFO: [ app_init ] --END-- [ RunTime:0.002026s ]
INFO: [ app_begin ] --START--
INFO: Run Behavior\ReadHtmlCacheBehavior [ RunTime:0.001894s ]
INFO: [ app_begin ] --END-- [ RunTime:0.002550s ]
SQL: SHOW COLUMNS FROM `twbb_wool_record` [ RunTime:0.0411s ]
SQL: SELECT `rid`,`due_time` FROM `twbb_wool_record` WHERE (  due_time >= 1459440000 and due_time <1462032000 and record_delete = 0 and uid = 1 ) ORDER BY due_time asc  [ RunTime:0.0005s ]

[ 2016-04-04T11:29:39+08:00 ] ::1 /TWBB/wool/index
INFO: [ app_init ] --START--
INFO: Run Behavior\BuildLiteBehavior [ RunTime:0.000090s ]
INFO: [ app_init ] --END-- [ RunTime:0.014968s ]

[ 2016-04-04T11:29:41+08:00 ] ::1 /TWBB/ajax/due_time
INFO: [ app_init ] --START--
INFO: Run Behavior\BuildLiteBehavior [ RunTime:0.000576s ]
INFO: [ app_init ] --END-- [ RunTime:0.002925s ]
INFO: [ app_begin ] --START--
INFO: Run Behavior\ReadHtmlCacheBehavior [ RunTime:0.001846s ]
INFO: [ app_begin ] --END-- [ RunTime:0.002227s ]
SQL: SHOW COLUMNS FROM `twbb_wool_record` [ RunTime:0.0078s ]
SQL: SELECT `rid`,`due_time` FROM `twbb_wool_record` WHERE (  due_time >= 1459440000 and due_time <1462032000 and record_delete = 0 and uid = 1 ) ORDER BY due_time asc  [ RunTime:0.0006s ]

[ 2016-04-04T11:29:48+08:00 ] ::1 /TWBB/user/index
INFO: [ app_init ] --START--
INFO: Run Behavior\BuildLiteBehavior [ RunTime:0.000056s ]
INFO: [ app_init ] --END-- [ RunTime:0.000981s ]

[ 2016-04-04T11:30:34+08:00 ] ::1 /TWBB/user/index
INFO: [ app_init ] --START--
INFO: Run Behavior\BuildLiteBehavior [ RunTime:0.000057s ]
INFO: [ app_init ] --END-- [ RunTime:0.001383s ]

[ 2016-04-04T11:30:48+08:00 ] ::1 /TWBB/user/index
INFO: [ app_init ] --START--
INFO: Run Behavior\BuildLiteBehavior [ RunTime:0.000055s ]
INFO: [ app_init ] --END-- [ RunTime:0.001052s ]

[ 2016-04-04T11:31:04+08:00 ] ::1 /TWBB/user/index
INFO: [ app_init ] --START--
INFO: Run Behavior\BuildLiteBehavior [ RunTime:0.000053s ]
INFO: [ app_init ] --END-- [ RunTime:0.000846s ]

[ 2016-04-04T11:32:00+08:00 ] ::1 /TWBB/user/index
INFO: [ app_init ] --START--
INFO: Run Behavior\BuildLiteBehavior [ RunTime:0.000053s ]
INFO: [ app_init ] --END-- [ RunTime:0.000878s ]

[ 2016-04-04T11:32:11+08:00 ] ::1 /TWBB/user/index
INFO: [ app_init ] --START--
INFO: Run Behavior\BuildLiteBehavior [ RunTime:0.000071s ]
INFO: [ app_init ] --END-- [ RunTime:0.001093s ]

[ 2016-04-04T19:28:02+08:00 ] ::1 /TWBB/
INFO: [ app_init ] --START--
INFO: Run Behavior\BuildLiteBehavior [ RunTime:0.000082s ]
INFO: [ app_init ] --END-- [ RunTime:0.014986s ]

[ 2016-04-04T19:28:37+08:00 ] ::1 /TWBB/
INFO: [ app_init ] --START--
INFO: Run Behavior\BuildLiteBehavior [ RunTime:0.000061s ]
INFO: [ app_init ] --END-- [ RunTime:0.001207s ]

[ 2016-04-04T19:28:49+08:00 ] ::1 /TWBB/
INFO: [ app_init ] --START--
INFO: Run Behavior\BuildLiteBehavior [ RunTime:0.000064s ]
INFO: [ app_init ] --END-- [ RunTime:0.001290s ]

[ 2016-04-04T19:29:03+08:00 ] ::1 /TWBB/
INFO: [ app_init ] --START--
INFO: Run Behavior\BuildLiteBehavior [ RunTime:0.000093s ]
INFO: [ app_init ] --END-- [ RunTime:0.001651s ]

[ 2016-04-04T21:16:05+08:00 ] ::1 /TWBB/
INFO: [ app_init ] --START--
INFO: Run Behavior\BuildLiteBehavior [ RunTime:0.000059s ]
INFO: [ app_init ] --END-- [ RunTime:0.008608s ]

[ 2016-04-04T21:16:35+08:00 ] ::1 /TWBB/sign/in
INFO: [ app_init ] --START--
INFO: Run Behavior\BuildLiteBehavior [ RunTime:0.000058s ]
INFO: [ app_init ] --END-- [ RunTime:0.001377s ]

[ 2016-04-04T21:16:38+08:00 ] ::1 /TWBB/wool/index
INFO: [ app_init ] --START--
INFO: Run Behavior\BuildLiteBehavior [ RunTime:0.000105s ]
INFO: [ app_init ] --END-- [ RunTime:0.001203s ]

[ 2016-04-04T21:16:39+08:00 ] ::1 /TWBB/ajax/due_time
INFO: [ app_init ] --START--
INFO: Run Behavior\BuildLiteBehavior [ RunTime:0.000096s ]
INFO: [ app_init ] --END-- [ RunTime:0.001330s ]
INFO: [ app_begin ] --START--
INFO: Run Behavior\ReadHtmlCacheBehavior [ RunTime:0.001327s ]
INFO: [ app_begin ] --END-- [ RunTime:0.001716s ]
SQL: SHOW COLUMNS FROM `twbb_wool_record` [ RunTime:0.0080s ]
SQL: SELECT `rid`,`due_time` FROM `twbb_wool_record` WHERE (  due_time >= 1459440000 and due_time <1462032000 and record_delete = 0 and uid = 1 ) ORDER BY due_time asc  [ RunTime:0.0006s ]

[ 2016-04-04T21:24:56+08:00 ] ::1 /TWBB/wool/index
INFO: [ app_init ] --START--
INFO: Run Behavior\BuildLiteBehavior [ RunTime:0.000058s ]
INFO: [ app_init ] --END-- [ RunTime:0.001073s ]

[ 2016-04-04T21:24:57+08:00 ] ::1 /TWBB/ajax/due_time
INFO: [ app_init ] --START--
INFO: Run Behavior\BuildLiteBehavior [ RunTime:0.000097s ]
INFO: [ app_init ] --END-- [ RunTime:0.001672s ]
INFO: [ app_begin ] --START--
INFO: Run Behavior\ReadHtmlCacheBehavior [ RunTime:0.002810s ]
INFO: [ app_begin ] --END-- [ RunTime:0.003229s ]
SQL: SHOW COLUMNS FROM `twbb_wool_record` [ RunTime:0.0077s ]
SQL: SELECT `rid`,`due_time` FROM `twbb_wool_record` WHERE (  due_time >= 1459440000 and due_time <1462032000 and record_delete = 0 and uid = 1 ) ORDER BY due_time asc  [ RunTime:0.0006s ]

[ 2016-04-04T21:25:39+08:00 ] ::1 /TWBB/sign/out
INFO: [ app_init ] --START--
INFO: Run Behavior\BuildLiteBehavior [ RunTime:0.000055s ]
INFO: [ app_init ] --END-- [ RunTime:0.001400s ]

[ 2016-04-04T21:25:41+08:00 ] ::1 /TWBB/sign/in
INFO: [ app_init ] --START--
INFO: Run Behavior\BuildLiteBehavior [ RunTime:0.000061s ]
INFO: [ app_init ] --END-- [ RunTime:0.001035s ]

[ 2016-04-04T21:25:43+08:00 ] ::1 /TWBB/sign/in
INFO: [ app_init ] --START--
INFO: Run Behavior\BuildLiteBehavior [ RunTime:0.000053s ]
INFO: [ app_init ] --END-- [ RunTime:0.000879s ]

[ 2016-04-04T21:26:34+08:00 ] ::1 /TWBB/sign/in
INFO: [ app_init ] --START--
INFO: Run Behavior\BuildLiteBehavior [ RunTime:0.000054s ]
INFO: [ app_init ] --END-- [ RunTime:0.000896s ]

[ 2016-04-04T21:26:44+08:00 ] ::1 /TWBB/sign/in
INFO: [ app_init ] --START--
INFO: Run Behavior\BuildLiteBehavior [ RunTime:0.000062s ]
INFO: [ app_init ] --END-- [ RunTime:0.001103s ]

[ 2016-04-04T21:27:25+08:00 ] ::1 /TWBB/sign/in
INFO: [ app_init ] --START--
INFO: Run Behavior\BuildLiteBehavior [ RunTime:0.000099s ]
INFO: [ app_init ] --END-- [ RunTime:0.001282s ]

