[ 2016-03-29T09:15:19+08:00 ] 127.0.0.1 /TWBB/sign/in
INFO: [ app_init ] --START--
INFO: Run Behavior\BuildLiteBehavior [ RunTime:0.000000s ]
INFO: [ app_init ] --END-- [ RunTime:0.001000s ]

[ 2016-03-29T09:15:24+08:00 ] 127.0.0.1 /TWBB/sign/in
INFO: [ app_init ] --START--
INFO: Run Behavior\BuildLiteBehavior [ RunTime:0.000000s ]
INFO: [ app_init ] --END-- [ RunTime:0.001001s ]

[ 2016-03-29T09:15:26+08:00 ] 127.0.0.1 /TWBB/wool/index
INFO: [ app_init ] --START--
INFO: Run Behavior\BuildLiteBehavior [ RunTime:0.000000s ]
INFO: [ app_init ] --END-- [ RunTime:0.001000s ]

[ 2016-03-29T09:15:26+08:00 ] 127.0.0.1 /TWBB/ajax/due_time
INFO: [ app_init ] --START--
INFO: Run Behavior\BuildLiteBehavior [ RunTime:0.000000s ]
INFO: [ app_init ] --END-- [ RunTime:0.001001s ]
INFO: [ app_begin ] --START--
INFO: Run Behavior\ReadHtmlCacheBehavior [ RunTime:0.001000s ]
INFO: [ app_begin ] --END-- [ RunTime:0.001000s ]
SQL: SHOW COLUMNS FROM `twbb_wool_record` [ RunTime:0.0150s ]
SQL: SELECT `rid`,`due_time` FROM `twbb_wool_record` WHERE (  due_time >= 1456761600 and due_time <1459440000 and record_delete = 0 and uid = 1 ) ORDER BY due_time asc  [ RunTime:0.0010s ]

[ 2016-03-29T09:15:30+08:00 ] 127.0.0.1 /TWBB/user/index
INFO: [ app_init ] --START--
INFO: Run Behavior\BuildLiteBehavior [ RunTime:0.000000s ]
INFO: [ app_init ] --END-- [ RunTime:0.001000s ]

[ 2016-03-29T09:15:31+08:00 ] 127.0.0.1 /TWBB/wool/index
INFO: [ app_init ] --START--
INFO: Run Behavior\BuildLiteBehavior [ RunTime:0.000000s ]
INFO: [ app_init ] --END-- [ RunTime:0.001000s ]

[ 2016-03-29T09:15:31+08:00 ] 127.0.0.1 /TWBB/ajax/due_time
INFO: [ app_init ] --START--
INFO: Run Behavior\BuildLiteBehavior [ RunTime:0.000000s ]
INFO: [ app_init ] --END-- [ RunTime:0.001000s ]
INFO: [ app_begin ] --START--
INFO: Run Behavior\ReadHtmlCacheBehavior [ RunTime:0.001000s ]
INFO: [ app_begin ] --END-- [ RunTime:0.001000s ]
SQL: SHOW COLUMNS FROM `twbb_wool_record` [ RunTime:0.0110s ]
SQL: SELECT `rid`,`due_time` FROM `twbb_wool_record` WHERE (  due_time >= 1456761600 and due_time <1459440000 and record_delete = 0 and uid = 1 ) ORDER BY due_time asc  [ RunTime:0.0010s ]

[ 2016-03-29T09:15:33+08:00 ] 127.0.0.1 /TWBB/wool/lists
INFO: [ app_init ] --START--
INFO: Run Behavior\BuildLiteBehavior [ RunTime:0.000000s ]
INFO: [ app_init ] --END-- [ RunTime:0.001000s ]

[ 2016-03-29T09:15:35+08:00 ] 127.0.0.1 /TWBB/wool/add
INFO: [ app_init ] --START--
INFO: Run Behavior\BuildLiteBehavior [ RunTime:0.000000s ]
INFO: [ app_init ] --END-- [ RunTime:0.000000s ]

[ 2016-03-29T09:15:49+08:00 ] 127.0.0.1 /TWBB/wool/handle
INFO: [ app_init ] --START--
INFO: Run Behavior\BuildLiteBehavior [ RunTime:0.000000s ]
INFO: [ app_init ] --END-- [ RunTime:0.000000s ]

[ 2016-03-29T09:15:50+08:00 ] 127.0.0.1 /TWBB/wool/index
INFO: [ app_init ] --START--
INFO: Run Behavior\BuildLiteBehavior [ RunTime:0.000000s ]
INFO: [ app_init ] --END-- [ RunTime:0.001000s ]

[ 2016-03-29T09:15:51+08:00 ] 127.0.0.1 /TWBB/ajax/due_time
INFO: [ app_init ] --START--
INFO: Run Behavior\BuildLiteBehavior [ RunTime:0.000000s ]
INFO: [ app_init ] --END-- [ RunTime:0.001000s ]
INFO: [ app_begin ] --START--
INFO: Run Behavior\ReadHtmlCacheBehavior [ RunTime:0.002000s ]
INFO: [ app_begin ] --END-- [ RunTime:0.002000s ]
SQL: SHOW COLUMNS FROM `twbb_wool_record` [ RunTime:0.0100s ]
SQL: SELECT `rid`,`due_time` FROM `twbb_wool_record` WHERE (  due_time >= 1456761600 and due_time <1459440000 and record_delete = 0 and uid = 1 ) ORDER BY due_time asc  [ RunTime:0.0010s ]

[ 2016-03-29T09:15:55+08:00 ] 127.0.0.1 /TWBB/wool/lists
INFO: [ app_init ] --START--
INFO: Run Behavior\BuildLiteBehavior [ RunTime:0.000000s ]
INFO: [ app_init ] --END-- [ RunTime:0.000000s ]

[ 2016-03-29T09:16:00+08:00 ] 127.0.0.1 /TWBB/wool/list_modify/rid/11
INFO: [ app_init ] --START--
INFO: Run Behavior\BuildLiteBehavior [ RunTime:0.000000s ]
INFO: [ app_init ] --END-- [ RunTime:0.001000s ]

[ 2016-03-29T09:20:31+08:00 ] 127.0.0.1 /TWBB/wool/list_modify/rid/
INFO: [ app_init ] --START--
INFO: Run Behavior\BuildLiteBehavior [ RunTime:0.001000s ]
INFO: [ app_init ] --END-- [ RunTime:0.001000s ]

[ 2016-03-29T09:20:35+08:00 ] 127.0.0.1 /TWBB/wool/lists
INFO: [ app_init ] --START--
INFO: Run Behavior\BuildLiteBehavior [ RunTime:0.000000s ]
INFO: [ app_init ] --END-- [ RunTime:0.001000s ]

[ 2016-03-29T09:20:39+08:00 ] 127.0.0.1 /TWBB/wool/list_modify/rid/11
INFO: [ app_init ] --START--
INFO: Run Behavior\BuildLiteBehavior [ RunTime:0.000000s ]
INFO: [ app_init ] --END-- [ RunTime:0.001000s ]

[ 2016-03-29T09:48:59+08:00 ] 127.0.0.1 /TWBB/wool/handle
INFO: [ app_init ] --START--
INFO: Run Behavior\BuildLiteBehavior [ RunTime:0.000000s ]
INFO: [ app_init ] --END-- [ RunTime:0.001000s ]

[ 2016-03-29T09:49:19+08:00 ] 127.0.0.1 /TWBB/wool/handle
INFO: [ app_init ] --START--
INFO: Run Behavior\BuildLiteBehavior [ RunTime:0.000000s ]
INFO: [ app_init ] --END-- [ RunTime:0.000000s ]

[ 2016-03-29T09:51:25+08:00 ] 127.0.0.1 /TWBB/wool/handle
INFO: [ app_init ] --START--
INFO: Run Behavior\BuildLiteBehavior [ RunTime:0.000000s ]
INFO: [ app_init ] --END-- [ RunTime:0.001000s ]

[ 2016-03-29T09:52:35+08:00 ] 127.0.0.1 /TWBB/wool/handle
INFO: [ app_init ] --START--
INFO: Run Behavior\BuildLiteBehavior [ RunTime:0.000000s ]
INFO: [ app_init ] --END-- [ RunTime:0.002000s ]

[ 2016-03-29T09:53:23+08:00 ] 127.0.0.1 /TWBB/wool/handle
INFO: [ app_init ] --START--
INFO: Run Behavior\BuildLiteBehavior [ RunTime:0.000000s ]
INFO: [ app_init ] --END-- [ RunTime:0.001000s ]

[ 2016-03-29T10:06:42+08:00 ] 127.0.0.1 /TWBB/wool/list_modify/rid/11
INFO: [ app_init ] --START--
INFO: Run Behavior\BuildLiteBehavior [ RunTime:0.001000s ]
INFO: [ app_init ] --END-- [ RunTime:0.001000s ]

[ 2016-03-29T10:06:48+08:00 ] 127.0.0.1 /TWBB/wool/list_modify/rid/11
INFO: [ app_init ] --START--
INFO: Run Behavior\BuildLiteBehavior [ RunTime:0.000000s ]
INFO: [ app_init ] --END-- [ RunTime:0.000000s ]

[ 2016-03-29T10:07:00+08:00 ] 127.0.0.1 /TWBB/wool/list_modify/rid/11
INFO: [ app_init ] --START--
INFO: Run Behavior\BuildLiteBehavior [ RunTime:0.000000s ]
INFO: [ app_init ] --END-- [ RunTime:0.001000s ]

[ 2016-03-29T10:07:17+08:00 ] 127.0.0.1 /TWBB/wool/list_modify/rid/11
INFO: [ app_init ] --START--
INFO: Run Behavior\BuildLiteBehavior [ RunTime:0.000000s ]
INFO: [ app_init ] --END-- [ RunTime:0.000000s ]

[ 2016-03-29T10:20:32+08:00 ] 127.0.0.1 /TWBB/wool/list_modify/rid/11
INFO: [ app_init ] --START--
INFO: Run Behavior\BuildLiteBehavior [ RunTime:0.000000s ]
INFO: [ app_init ] --END-- [ RunTime:0.001000s ]

[ 2016-03-29T10:20:43+08:00 ] 127.0.0.1 /TWBB/wool/index
INFO: [ app_init ] --START--
INFO: Run Behavior\BuildLiteBehavior [ RunTime:0.000000s ]
INFO: [ app_init ] --END-- [ RunTime:0.001000s ]

[ 2016-03-29T10:20:43+08:00 ] 127.0.0.1 /TWBB/ajax/due_time
INFO: [ app_init ] --START--
INFO: Run Behavior\BuildLiteBehavior [ RunTime:0.000000s ]
INFO: [ app_init ] --END-- [ RunTime:0.000000s ]
INFO: [ app_begin ] --START--
INFO: Run Behavior\ReadHtmlCacheBehavior [ RunTime:0.001000s ]
INFO: [ app_begin ] --END-- [ RunTime:0.002000s ]
SQL: SHOW COLUMNS FROM `twbb_wool_record` [ RunTime:0.0120s ]
SQL: SELECT `rid`,`due_time` FROM `twbb_wool_record` WHERE (  due_time >= 1456761600 and due_time <1459440000 and record_delete = 0 and uid = 1 ) ORDER BY due_time asc  [ RunTime:0.0000s ]

[ 2016-03-29T10:20:45+08:00 ] 127.0.0.1 /TWBB/wool/lists
INFO: [ app_init ] --START--
INFO: Run Behavior\BuildLiteBehavior [ RunTime:0.000000s ]
INFO: [ app_init ] --END-- [ RunTime:0.000000s ]

[ 2016-03-29T10:20:50+08:00 ] 127.0.0.1 /TWBB/wool/handle
INFO: [ app_init ] --START--
INFO: Run Behavior\BuildLiteBehavior [ RunTime:0.000000s ]
INFO: [ app_init ] --END-- [ RunTime:0.001000s ]

[ 2016-03-29T10:20:54+08:00 ] 127.0.0.1 /TWBB/wool/handle
INFO: [ app_init ] --START--
INFO: Run Behavior\BuildLiteBehavior [ RunTime:0.000000s ]
INFO: [ app_init ] --END-- [ RunTime:0.000000s ]

[ 2016-03-29T10:20:58+08:00 ] 127.0.0.1 /TWBB/wool/lists
INFO: [ app_init ] --START--
INFO: Run Behavior\BuildLiteBehavior [ RunTime:0.000000s ]
INFO: [ app_init ] --END-- [ RunTime:0.001000s ]

[ 2016-03-29T10:21:37+08:00 ] 127.0.0.1 /TWBB/wool/lists
INFO: [ app_init ] --START--
INFO: Run Behavior\BuildLiteBehavior [ RunTime:0.000000s ]
INFO: [ app_init ] --END-- [ RunTime:0.000000s ]

[ 2016-03-29T10:21:41+08:00 ] 127.0.0.1 /TWBB/wool/handle
INFO: [ app_init ] --START--
INFO: Run Behavior\BuildLiteBehavior [ RunTime:0.000000s ]
INFO: [ app_init ] --END-- [ RunTime:0.001000s ]

[ 2016-03-29T10:21:44+08:00 ] 127.0.0.1 /TWBB/wool/handle
INFO: [ app_init ] --START--
INFO: Run Behavior\BuildLiteBehavior [ RunTime:0.001000s ]
INFO: [ app_init ] --END-- [ RunTime:0.001000s ]

[ 2016-03-29T10:21:47+08:00 ] 127.0.0.1 /TWBB/wool/lists
INFO: [ app_init ] --START--
INFO: Run Behavior\BuildLiteBehavior [ RunTime:0.000000s ]
INFO: [ app_init ] --END-- [ RunTime:0.000000s ]

[ 2016-03-29T10:21:47+08:00 ] 127.0.0.1 /TWBB/wool/lists
INFO: [ app_init ] --START--
INFO: Run Behavior\BuildLiteBehavior [ RunTime:0.000000s ]
INFO: [ app_init ] --END-- [ RunTime:0.001000s ]

[ 2016-03-29T10:21:51+08:00 ] 127.0.0.1 /TWBB/wool/handle
INFO: [ app_init ] --START--
INFO: Run Behavior\BuildLiteBehavior [ RunTime:0.000000s ]
INFO: [ app_init ] --END-- [ RunTime:0.001000s ]

[ 2016-03-29T10:21:52+08:00 ] 127.0.0.1 /TWBB/wool/handle
INFO: [ app_init ] --START--
INFO: Run Behavior\BuildLiteBehavior [ RunTime:0.000000s ]
INFO: [ app_init ] --END-- [ RunTime:0.001000s ]

[ 2016-03-29T10:21:56+08:00 ] 127.0.0.1 /TWBB/wool/lists
INFO: [ app_init ] --START--
INFO: Run Behavior\BuildLiteBehavior [ RunTime:0.000000s ]
INFO: [ app_init ] --END-- [ RunTime:0.001000s ]

[ 2016-03-29T10:28:20+08:00 ] 127.0.0.1 /TWBB/wool/handle
INFO: [ app_init ] --START--
INFO: Run Behavior\BuildLiteBehavior [ RunTime:0.000000s ]
INFO: [ app_init ] --END-- [ RunTime:0.001000s ]

[ 2016-03-29T10:28:21+08:00 ] 127.0.0.1 /TWBB/wool/lists
INFO: [ app_init ] --START--
INFO: Run Behavior\BuildLiteBehavior [ RunTime:0.000000s ]
INFO: [ app_init ] --END-- [ RunTime:0.001000s ]

[ 2016-03-29T10:28:24+08:00 ] 127.0.0.1 /TWBB/wool/list_modify/rid/11
INFO: [ app_init ] --START--
INFO: Run Behavior\BuildLiteBehavior [ RunTime:0.000000s ]
INFO: [ app_init ] --END-- [ RunTime:0.001000s ]

[ 2016-03-29T10:28:35+08:00 ] 127.0.0.1 /TWBB/wool/handle
INFO: [ app_init ] --START--
INFO: Run Behavior\BuildLiteBehavior [ RunTime:0.000000s ]
INFO: [ app_init ] --END-- [ RunTime:0.001000s ]

[ 2016-03-29T10:28:37+08:00 ] 127.0.0.1 /TWBB/wool/lists
INFO: [ app_init ] --START--
INFO: Run Behavior\BuildLiteBehavior [ RunTime:0.000000s ]
INFO: [ app_init ] --END-- [ RunTime:0.001000s ]

[ 2016-03-29T10:30:42+08:00 ] 127.0.0.1 /TWBB/user/index
INFO: [ app_init ] --START--
INFO: Run Behavior\BuildLiteBehavior [ RunTime:0.000000s ]
INFO: [ app_init ] --END-- [ RunTime:0.001000s ]

[ 2016-03-29T11:42:01+08:00 ] 127.0.0.1 /TWBB/user/index
INFO: [ app_init ] --START--
INFO: Run Behavior\BuildLiteBehavior [ RunTime:0.000000s ]
INFO: [ app_init ] --END-- [ RunTime:0.001000s ]

[ 2016-03-29T11:58:03+08:00 ] 127.0.0.1 /TWBB/user/index
INFO: [ app_init ] --START--
INFO: Run Behavior\BuildLiteBehavior [ RunTime:0.000000s ]
INFO: [ app_init ] --END-- [ RunTime:0.000000s ]

[ 2016-03-29T11:58:11+08:00 ] 127.0.0.1 /TWBB/user/index
INFO: [ app_init ] --START--
INFO: Run Behavior\BuildLiteBehavior [ RunTime:0.000000s ]
INFO: [ app_init ] --END-- [ RunTime:0.001000s ]

[ 2016-03-29T17:31:22+08:00 ] 127.0.0.1 /TWBB/sign/register
INFO: [ app_init ] --START--
INFO: Run Behavior\BuildLiteBehavior [ RunTime:0.000000s ]
INFO: [ app_init ] --END-- [ RunTime:0.011000s ]

[ 2016-03-29T17:31:25+08:00 ] 127.0.0.1 /TWBB/wool/index
INFO: [ app_init ] --START--
INFO: Run Behavior\BuildLiteBehavior [ RunTime:0.000000s ]
INFO: [ app_init ] --END-- [ RunTime:0.000000s ]

[ 2016-03-29T17:31:25+08:00 ] 127.0.0.1 /TWBB/ajax/due_time
INFO: [ app_init ] --START--
INFO: Run Behavior\BuildLiteBehavior [ RunTime:0.000000s ]
INFO: [ app_init ] --END-- [ RunTime:0.001000s ]
INFO: [ app_begin ] --START--
INFO: Run Behavior\ReadHtmlCacheBehavior [ RunTime:0.000000s ]
INFO: [ app_begin ] --END-- [ RunTime:0.001000s ]
SQL: SHOW COLUMNS FROM `twbb_wool_record` [ RunTime:0.0360s ]
SQL: SELECT `rid`,`due_time` FROM `twbb_wool_record` WHERE (  due_time >= 1456761600 and due_time <1459440000 and record_delete = 0 and uid = 10491 ) ORDER BY due_time asc  [ RunTime:0.0010s ]

[ 2016-03-29T17:31:28+08:00 ] 127.0.0.1 /TWBB/sign/out
INFO: [ app_init ] --START--
INFO: Run Behavior\BuildLiteBehavior [ RunTime:0.000000s ]
INFO: [ app_init ] --END-- [ RunTime:0.001000s ]

[ 2016-03-29T17:31:29+08:00 ] 127.0.0.1 /TWBB/sign/in
INFO: [ app_init ] --START--
INFO: Run Behavior\BuildLiteBehavior [ RunTime:0.000000s ]
INFO: [ app_init ] --END-- [ RunTime:0.001000s ]

[ 2016-03-29T17:31:34+08:00 ] 127.0.0.1 /TWBB/sign/in
INFO: [ app_init ] --START--
INFO: Run Behavior\BuildLiteBehavior [ RunTime:0.000000s ]
INFO: [ app_init ] --END-- [ RunTime:0.001000s ]

[ 2016-03-29T17:31:36+08:00 ] 127.0.0.1 /TWBB/wool/index
INFO: [ app_init ] --START--
INFO: Run Behavior\BuildLiteBehavior [ RunTime:0.000000s ]
INFO: [ app_init ] --END-- [ RunTime:0.000000s ]

[ 2016-03-29T17:31:37+08:00 ] 127.0.0.1 /TWBB/ajax/due_time
INFO: [ app_init ] --START--
INFO: Run Behavior\BuildLiteBehavior [ RunTime:0.000000s ]
INFO: [ app_init ] --END-- [ RunTime:0.000000s ]
INFO: [ app_begin ] --START--
INFO: Run Behavior\ReadHtmlCacheBehavior [ RunTime:0.000000s ]
INFO: [ app_begin ] --END-- [ RunTime:0.002000s ]
SQL: SHOW COLUMNS FROM `twbb_wool_record` [ RunTime:0.0220s ]
SQL: SELECT `rid`,`due_time` FROM `twbb_wool_record` WHERE (  due_time >= 1456761600 and due_time <1459440000 and record_delete = 0 and uid = 1 ) ORDER BY due_time asc  [ RunTime:0.0000s ]

[ 2016-03-29T17:31:39+08:00 ] 127.0.0.1 /TWBB/user/index
INFO: [ app_init ] --START--
INFO: Run Behavior\BuildLiteBehavior [ RunTime:0.000000s ]
INFO: [ app_init ] --END-- [ RunTime:0.001000s ]

[ 2016-03-29T17:32:37+08:00 ] 127.0.0.1 /TWBB/user/index
INFO: [ app_init ] --START--
INFO: Run Behavior\BuildLiteBehavior [ RunTime:0.000000s ]
INFO: [ app_init ] --END-- [ RunTime:0.001000s ]

[ 2016-03-29T17:32:48+08:00 ] 127.0.0.1 /TWBB/user/index
INFO: [ app_init ] --START--
INFO: Run Behavior\BuildLiteBehavior [ RunTime:0.000000s ]
INFO: [ app_init ] --END-- [ RunTime:0.000000s ]

[ 2016-03-29T17:33:47+08:00 ] 127.0.0.1 /TWBB/user/index
INFO: [ app_init ] --START--
INFO: Run Behavior\BuildLiteBehavior [ RunTime:0.000000s ]
INFO: [ app_init ] --END-- [ RunTime:0.001000s ]

[ 2016-03-29T17:34:44+08:00 ] 127.0.0.1 /TWBB/user/index
INFO: [ app_init ] --START--
INFO: Run Behavior\BuildLiteBehavior [ RunTime:0.000000s ]
INFO: [ app_init ] --END-- [ RunTime:0.000000s ]

[ 2016-03-29T17:35:40+08:00 ] 127.0.0.1 /TWBB/user/index
INFO: [ app_init ] --START--
INFO: Run Behavior\BuildLiteBehavior [ RunTime:0.000000s ]
INFO: [ app_init ] --END-- [ RunTime:0.001000s ]

[ 2016-03-29T17:35:44+08:00 ] 127.0.0.1 /TWBB/user/index
INFO: [ app_init ] --START--
INFO: Run Behavior\BuildLiteBehavior [ RunTime:0.000000s ]
INFO: [ app_init ] --END-- [ RunTime:0.001000s ]

[ 2016-03-29T17:44:33+08:00 ] 127.0.0.1 /TWBB/wool/index
INFO: [ app_init ] --START--
INFO: Run Behavior\BuildLiteBehavior [ RunTime:0.000000s ]
INFO: [ app_init ] --END-- [ RunTime:0.001000s ]

[ 2016-03-29T17:44:33+08:00 ] 127.0.0.1 /TWBB/ajax/due_time
INFO: [ app_init ] --START--
INFO: Run Behavior\BuildLiteBehavior [ RunTime:0.000000s ]
INFO: [ app_init ] --END-- [ RunTime:0.001000s ]
INFO: [ app_begin ] --START--
INFO: Run Behavior\ReadHtmlCacheBehavior [ RunTime:0.001000s ]
INFO: [ app_begin ] --END-- [ RunTime:0.002000s ]
SQL: SHOW COLUMNS FROM `twbb_wool_record` [ RunTime:0.0200s ]
SQL: SELECT `rid`,`due_time` FROM `twbb_wool_record` WHERE (  due_time >= 1456761600 and due_time <1459440000 and record_delete = 0 and uid = 1 ) ORDER BY due_time asc  [ RunTime:0.0010s ]

[ 2016-03-29T17:44:39+08:00 ] 127.0.0.1 /TWBB/wool/lists
INFO: [ app_init ] --START--
INFO: Run Behavior\BuildLiteBehavior [ RunTime:0.000000s ]
INFO: [ app_init ] --END-- [ RunTime:0.000000s ]

[ 2016-03-29T17:44:41+08:00 ] 127.0.0.1 /TWBB/wool/index
INFO: [ app_init ] --START--
INFO: Run Behavior\BuildLiteBehavior [ RunTime:0.000000s ]
INFO: [ app_init ] --END-- [ RunTime:0.000000s ]

[ 2016-03-29T17:44:41+08:00 ] 127.0.0.1 /TWBB/ajax/due_time
INFO: [ app_init ] --START--
INFO: Run Behavior\BuildLiteBehavior [ RunTime:0.000000s ]
INFO: [ app_init ] --END-- [ RunTime:0.001000s ]
INFO: [ app_begin ] --START--
INFO: Run Behavior\ReadHtmlCacheBehavior [ RunTime:0.002000s ]
INFO: [ app_begin ] --END-- [ RunTime:0.002000s ]
SQL: SHOW COLUMNS FROM `twbb_wool_record` [ RunTime:0.0100s ]
SQL: SELECT `rid`,`due_time` FROM `twbb_wool_record` WHERE (  due_time >= 1456761600 and due_time <1459440000 and record_delete = 0 and uid = 1 ) ORDER BY due_time asc  [ RunTime:0.0030s ]

[ 2016-03-29T17:44:42+08:00 ] 127.0.0.1 /TWBB/wool/add
INFO: [ app_init ] --START--
INFO: Run Behavior\BuildLiteBehavior [ RunTime:0.000000s ]
INFO: [ app_init ] --END-- [ RunTime:0.002000s ]

[ 2016-03-29T17:44:44+08:00 ] 127.0.0.1 /TWBB/wool/index
INFO: [ app_init ] --START--
INFO: Run Behavior\BuildLiteBehavior [ RunTime:0.000000s ]
INFO: [ app_init ] --END-- [ RunTime:0.001000s ]

[ 2016-03-29T17:44:44+08:00 ] 127.0.0.1 /TWBB/ajax/due_time
INFO: [ app_init ] --START--
INFO: Run Behavior\BuildLiteBehavior [ RunTime:0.000000s ]
INFO: [ app_init ] --END-- [ RunTime:0.001000s ]
INFO: [ app_begin ] --START--
INFO: Run Behavior\ReadHtmlCacheBehavior [ RunTime:0.003000s ]
INFO: [ app_begin ] --END-- [ RunTime:0.003000s ]
SQL: SHOW COLUMNS FROM `twbb_wool_record` [ RunTime:0.0080s ]
SQL: SELECT `rid`,`due_time` FROM `twbb_wool_record` WHERE (  due_time >= 1456761600 and due_time <1459440000 and record_delete = 0 and uid = 1 ) ORDER BY due_time asc  [ RunTime:0.0010s ]

[ 2016-03-29T17:45:06+08:00 ] 127.0.0.1 /TWBB/ajax/due_time
INFO: [ app_init ] --START--
INFO: Run Behavior\BuildLiteBehavior [ RunTime:0.000000s ]
INFO: [ app_init ] --END-- [ RunTime:0.000000s ]
INFO: [ app_begin ] --START--
INFO: Run Behavior\ReadHtmlCacheBehavior [ RunTime:0.001000s ]
INFO: [ app_begin ] --END-- [ RunTime:0.001000s ]
SQL: SHOW COLUMNS FROM `twbb_wool_record` [ RunTime:0.0120s ]
SQL: SELECT `rid`,`due_time` FROM `twbb_wool_record` WHERE (  due_time >= 1459440000 and due_time <1462032000 and record_delete = 0 and uid = 1 ) ORDER BY due_time asc  [ RunTime:0.0000s ]

[ 2016-03-29T17:45:09+08:00 ] 127.0.0.1 /TWBB/ajax/click_rili
INFO: [ app_init ] --START--
INFO: Run Behavior\BuildLiteBehavior [ RunTime:0.000000s ]
INFO: [ app_init ] --END-- [ RunTime:0.000000s ]
INFO: [ app_begin ] --START--
INFO: Run Behavior\ReadHtmlCacheBehavior [ RunTime:0.000000s ]
INFO: [ app_begin ] --END-- [ RunTime:0.000000s ]
SQL: SHOW COLUMNS FROM `twbb_wool_record` [ RunTime:0.0040s ]
SQL: SELECT * FROM `twbb_wool_record` WHERE ( due_time = 1460390400 and record_delete = 0 and uid = 1 )  [ RunTime:0.0000s ]

[ 2016-03-29T17:45:14+08:00 ] 127.0.0.1 /TWBB/user/index
INFO: [ app_init ] --START--
INFO: Run Behavior\BuildLiteBehavior [ RunTime:0.000000s ]
INFO: [ app_init ] --END-- [ RunTime:0.000000s ]

[ 2016-03-29T17:45:16+08:00 ] 127.0.0.1 /TWBB/ajax/due_time
INFO: [ app_init ] --START--
INFO: Run Behavior\BuildLiteBehavior [ RunTime:0.000000s ]
INFO: [ app_init ] --END-- [ RunTime:0.001000s ]
INFO: [ app_begin ] --START--
INFO: Run Behavior\ReadHtmlCacheBehavior [ RunTime:0.002000s ]
INFO: [ app_begin ] --END-- [ RunTime:0.002000s ]
SQL: SHOW COLUMNS FROM `twbb_wool_record` [ RunTime:0.0060s ]
SQL: SELECT `rid`,`due_time` FROM `twbb_wool_record` WHERE (  due_time >= 1456761600 and due_time <1459440000 and record_delete = 0 and uid = 1 ) ORDER BY due_time asc  [ RunTime:0.0010s ]

[ 2016-03-29T17:45:20+08:00 ] 127.0.0.1 /TWBB/user/index
INFO: [ app_init ] --START--
INFO: Run Behavior\BuildLiteBehavior [ RunTime:0.000000s ]
INFO: [ app_init ] --END-- [ RunTime:0.001000s ]

[ 2016-03-29T17:46:22+08:00 ] 127.0.0.1 /TWBB/user/index
INFO: [ app_init ] --START--
INFO: Run Behavior\BuildLiteBehavior [ RunTime:0.000000s ]
INFO: [ app_init ] --END-- [ RunTime:0.000000s ]

[ 2016-03-29T17:46:33+08:00 ] 127.0.0.1 /TWBB/user/index
INFO: [ app_init ] --START--
INFO: Run Behavior\BuildLiteBehavior [ RunTime:0.000000s ]
INFO: [ app_init ] --END-- [ RunTime:0.000000s ]

[ 2016-03-29T17:47:20+08:00 ] 127.0.0.1 /TWBB/user/index
INFO: [ app_init ] --START--
INFO: Run Behavior\BuildLiteBehavior [ RunTime:0.000000s ]
INFO: [ app_init ] --END-- [ RunTime:0.001000s ]

[ 2016-03-29T17:47:55+08:00 ] 127.0.0.1 /TWBB/user/index
INFO: [ app_init ] --START--
INFO: Run Behavior\BuildLiteBehavior [ RunTime:0.000000s ]
INFO: [ app_init ] --END-- [ RunTime:0.001000s ]

[ 2016-03-29T17:53:12+08:00 ] 127.0.0.1 /TWBB/sign/out
INFO: [ app_init ] --START--
INFO: Run Behavior\BuildLiteBehavior [ RunTime:0.000000s ]
INFO: [ app_init ] --END-- [ RunTime:0.000000s ]

[ 2016-03-29T17:53:14+08:00 ] 127.0.0.1 /TWBB/sign/in
INFO: [ app_init ] --START--
INFO: Run Behavior\BuildLiteBehavior [ RunTime:0.000000s ]
INFO: [ app_init ] --END-- [ RunTime:0.000000s ]

